<?xml version="1.0" encoding="utf-8"?><testsuites><testsuite name="pytest" errors="0" failures="0" skipped="0" tests="10" time="10.328" timestamp="2023-05-01T23:33:08.851700" hostname="ab913cbd6fac"><testcase classname="app.tests.test_health" name="test_health_check" time="5.167" /><testcase classname="app.tests.api.v1.endpoints.test_feeds" name="test_create_feed" time="0.355" /><testcase classname="app.tests.api.v1.endpoints.test_feeds" name="test_create_feed_duplicate" time="0.364" /><testcase classname="app.tests.api.v1.endpoints.test_feeds" name="test_get_feeds" time="0.347" /><testcase classname="app.tests.api.v1.endpoints.test_feeds" name="test_get_feed_by_id" time="0.340" /><testcase classname="app.tests.api.v1.endpoints.test_feeds" name="test_unsubscribe_feeds" time="0.400" /><testcase classname="app.tests.api.v1.endpoints.test_feeds" name="test_get_subscribed_feeds" time="0.470" /><testcase classname="app.tests.api.v1.endpoints.test_items" name="test_get_items" time="0.355" /><testcase classname="app.tests.api.v1.endpoints.test_items" name="test_mark_as_read" time="0.490" /><testcase classname="app.tests.api.v1.endpoints.test_users" name="test_read_current_user" time="0.321" /></testsuite></testsuites>