<?xml version="1.0" encoding="utf-8"?><testsuites><testsuite name="pytest" errors="0" failures="0" skipped="0" tests="8" time="9.414" timestamp="2023-05-01T18:28:43.307011" hostname="f2587f656bfd"><testcase classname="app.tests.test_health" name="test_health_check" time="0.180" /><testcase classname="app.tests.api.v1.endpoints.test_feeds" name="test_create_feed" time="0.365" /><testcase classname="app.tests.api.v1.endpoints.test_feeds" name="test_create_feed_duplicate" time="5.345" /><testcase classname="app.tests.api.v1.endpoints.test_feeds" name="test_get_feeds" time="0.338" /><testcase classname="app.tests.api.v1.endpoints.test_feeds" name="test_get_feed_by_id" time="0.335" /><testcase classname="app.tests.api.v1.endpoints.test_feeds" name="test_unsubscribe_feeds" time="0.432" /><testcase classname="app.tests.api.v1.endpoints.test_feeds" name="test_get_subscribed_feeds" time="0.470" /><testcase classname="app.tests.api.v1.endpoints.test_users" name="test_read_current_user" time="0.296" /></testsuite></testsuites>